This is pdfTeX, Version 3.141592653-2.6-1.40.24 (MiKTeX 22.1) (preloaded format=pdflatex 2022.10.2)  3 NOV 2022 10:01
entering extended mode
 restricted \write18 enabled.
 %&-line parsing enabled.
**./relative-probability-finite-paper.tex
(relative-probability-finite-paper.tex
LaTeX2e <2022-06-01> patch level 5
L3 programming layer <2022-08-30>
(/Users/maxsklar/Library/Application Support/MiKTeX/texmfs/install/tex/latex/ba
se/article.cls
Document Class: article 2021/10/04 v1.4n Standard LaTeX document class

(/Users/maxsklar/Library/Application Support/MiKTeX/texmfs/install/tex/latex/ba
se/size10.clo
File: size10.clo 2021/10/04 v1.4n Standard LaTeX file (size option)
)
\c@part=\count185
\c@section=\count186
\c@subsection=\count187
\c@subsubsection=\count188
\c@paragraph=\count189
\c@subparagraph=\count190
\c@figure=\count191
\c@table=\count192
\abovecaptionskip=\skip47
\belowcaptionskip=\skip48
\bibindent=\dimen138
)
(/Users/maxsklar/Library/Application Support/MiKTeX/texmfs/install/tex/latex/am
sfonts/amssymb.sty
Package: amssymb 2013/01/14 v3.01 AMS font symbols

(/Users/maxsklar/Library/Application Support/MiKTeX/texmfs/install/tex/latex/am
sfonts/amsfonts.sty
Package: amsfonts 2013/01/14 v3.01 Basic AMSFonts support
\@emptytoks=\toks16
\symAMSa=\mathgroup4
\symAMSb=\mathgroup5
LaTeX Font Info:    Redeclaring math symbol \hbar on input line 98.
LaTeX Font Info:    Overwriting math alphabet `\mathfrak' in version `bold'
(Font)                  U/euf/m/n --> U/euf/b/n on input line 106.
))
(/Users/maxsklar/Library/Application Support/MiKTeX/texmfs/install/tex/latex/am
smath/amsmath.sty
Package: amsmath 2022/04/08 v2.17n AMS math features
\@mathmargin=\skip49

For additional information on amsmath, use the `?' option.

(/Users/maxsklar/Library/Application Support/MiKTeX/texmfs/install/tex/latex/am
smath/amstext.sty
Package: amstext 2021/08/26 v2.01 AMS text

(/Users/maxsklar/Library/Application Support/MiKTeX/texmfs/install/tex/latex/am
smath/amsgen.sty
File: amsgen.sty 1999/11/30 v2.0 generic functions
\@emptytoks=\toks17
\ex@=\dimen139
))
(/Users/maxsklar/Library/Application Support/MiKTeX/texmfs/install/tex/latex/am
smath/amsbsy.sty
Package: amsbsy 1999/11/29 v1.2d Bold Symbols
\pmbraise@=\dimen140
)
(/Users/maxsklar/Library/Application Support/MiKTeX/texmfs/install/tex/latex/am
smath/amsopn.sty
Package: amsopn 2022/04/08 v2.04 operator names
)
\inf@bad=\count193
LaTeX Info: Redefining \frac on input line 234.
\uproot@=\count194
\leftroot@=\count195
LaTeX Info: Redefining \overline on input line 399.
LaTeX Info: Redefining \colon on input line 410.
\classnum@=\count196
\DOTSCASE@=\count197
LaTeX Info: Redefining \ldots on input line 496.
LaTeX Info: Redefining \dots on input line 499.
LaTeX Info: Redefining \cdots on input line 620.
\Mathstrutbox@=\box51
\strutbox@=\box52
LaTeX Info: Redefining \big on input line 722.
LaTeX Info: Redefining \Big on input line 723.
LaTeX Info: Redefining \bigg on input line 724.
LaTeX Info: Redefining \Bigg on input line 725.
\big@size=\dimen141
LaTeX Font Info:    Redeclaring font encoding OML on input line 743.
LaTeX Font Info:    Redeclaring font encoding OMS on input line 744.
\macc@depth=\count198
LaTeX Info: Redefining \bmod on input line 905.
LaTeX Info: Redefining \pmod on input line 910.
LaTeX Info: Redefining \smash on input line 940.
LaTeX Info: Redefining \relbar on input line 970.
LaTeX Info: Redefining \Relbar on input line 971.
\c@MaxMatrixCols=\count199
\dotsspace@=\muskip16
\c@parentequation=\count266
\dspbrk@lvl=\count267
\tag@help=\toks18
\row@=\count268
\column@=\count269
\maxfields@=\count270
\andhelp@=\toks19
\eqnshift@=\dimen142
\alignsep@=\dimen143
\tagshift@=\dimen144
\tagwidth@=\dimen145
\totwidth@=\dimen146
\lineht@=\dimen147
\@envbody=\toks20
\multlinegap=\skip50
\multlinetaggap=\skip51
\mathdisplay@stack=\toks21
LaTeX Info: Redefining \[ on input line 2953.
LaTeX Info: Redefining \] on input line 2954.
)
(/Users/maxsklar/Library/Application Support/MiKTeX/texmfs/install/tex/latex/am
scls/amsthm.sty
Package: amsthm 2020/05/29 v2.20.6
\thm@style=\toks22
\thm@bodyfont=\toks23
\thm@headfont=\toks24
\thm@notefont=\toks25
\thm@headpunct=\toks26
\thm@preskip=\skip52
\thm@postskip=\skip53
\thm@headsep=\skip54
\dth@everypar=\toks27
)
(/Users/maxsklar/Library/Application Support/MiKTeX/texmfs/install/tex/latex/al
gorithms/algorithm.sty
Package: algorithm 2009/08/24 v0.1 Document Style `algorithm' - floating enviro
nment

(/Users/maxsklar/Library/Application Support/MiKTeX/texmfs/install/tex/latex/fl
oat/float.sty
Package: float 2001/11/08 v1.3d Float enhancements (AL)
\c@float@type=\count271
\float@exts=\toks28
\float@box=\box53
\@float@everytoks=\toks29
\@floatcapt=\box54
)
(/Users/maxsklar/Library/Application Support/MiKTeX/texmfs/install/tex/latex/ba
se/ifthen.sty
Package: ifthen 2022/04/13 v1.1d Standard LaTeX ifthen package (DPC)
)
\@float@every@algorithm=\toks30
\c@algorithm=\count272
)
(/Users/maxsklar/Library/Application Support/MiKTeX/texmfs/install/tex/latex/al
gorithmicx/algpseudocode.sty
Package: algpseudocode 

(/Users/maxsklar/Library/Application Support/MiKTeX/texmfs/install/tex/latex/al
gorithmicx/algorithmicx.sty
Package: algorithmicx 2005/04/27 v1.2 Algorithmicx

Document Style algorithmicx 1.2 - a greatly improved `algorithmic' style
\c@ALG@line=\count273
\c@ALG@rem=\count274
\c@ALG@nested=\count275
\ALG@tlm=\skip55
\ALG@thistlm=\skip56
\c@ALG@Lnr=\count276
\c@ALG@blocknr=\count277
\c@ALG@storecount=\count278
\c@ALG@tmpcounter=\count279
\ALG@tmplength=\skip57
)
Document Style - pseudocode environments for use with the `algorithmicx' style
)
(/Users/maxsklar/Library/Application Support/MiKTeX/texmfs/install/tex/latex/ca
ption/caption.sty
Package: caption 2022/03/01 v3.6b Customizing captions (AR)

(/Users/maxsklar/Library/Application Support/MiKTeX/texmfs/install/tex/latex/ca
ption/caption3.sty
Package: caption3 2022/03/17 v2.3b caption3 kernel (AR)

(/Users/maxsklar/Library/Application Support/MiKTeX/texmfs/install/tex/latex/gr
aphics/keyval.sty
Package: keyval 2022/05/29 v1.15 key=value parser (DPC)
\KV@toks@=\toks31
)
\caption@tempdima=\dimen148
\captionmargin=\dimen149
\caption@leftmargin=\dimen150
\caption@rightmargin=\dimen151
\caption@width=\dimen152
\caption@indent=\dimen153
\caption@parindent=\dimen154
\caption@hangindent=\dimen155
Package caption Info: Standard document class detected.
)
\c@caption@flags=\count280
\c@continuedfloat=\count281
Package caption Info: float package is loaded.
)
(/Users/maxsklar/Library/Application Support/MiKTeX/texmfs/install/tex/latex/ca
ption/subcaption.sty
Package: subcaption 2022/01/07 v1.5 Sub-captions (AR)
\c@subfigure=\count282
\c@subtable=\count283
)
(/Users/maxsklar/Library/Application Support/MiKTeX/texmfs/install/tex/latex/to
ols/enumerate.sty
Package: enumerate 2015/07/23 v3.00 enumerate extensions (DPC)
\@enLab=\toks32
)
(/Users/maxsklar/Library/Application Support/MiKTeX/texmfs/install/tex/latex/pg
fplots/pgfplots.sty
(/Users/maxsklar/Library/Application Support/MiKTeX/texmfs/install/tex/generic/
pgfplots/pgfplots.revision.tex)
Package: pgfplots 2021/05/15 v1.18.1 Data Visualization (1.18.1)

(/Users/maxsklar/Library/Application Support/MiKTeX/texmfs/install/tex/latex/gr
aphics/graphicx.sty
Package: graphicx 2021/09/16 v1.2d Enhanced LaTeX Graphics (DPC,SPQR)

(/Users/maxsklar/Library/Application Support/MiKTeX/texmfs/install/tex/latex/gr
aphics/graphics.sty
Package: graphics 2022/03/10 v1.4e Standard LaTeX Graphics (DPC,SPQR)

(/Users/maxsklar/Library/Application Support/MiKTeX/texmfs/install/tex/latex/gr
aphics/trig.sty
Package: trig 2021/08/11 v1.11 sin cos tan (DPC)
)
(/Users/maxsklar/Library/Application Support/MiKTeX/texmfs/install/tex/latex/gr
aphics-cfg/graphics.cfg
File: graphics.cfg 2016/06/04 v1.11 sample graphics configuration
)
Package graphics Info: Driver file: pdftex.def on input line 107.

(/Users/maxsklar/Library/Application Support/MiKTeX/texmfs/install/tex/latex/gr
aphics-def/pdftex.def
File: pdftex.def 2020/10/05 v1.2a Graphics/color driver for pdftex
))
\Gin@req@height=\dimen156
\Gin@req@width=\dimen157
)
(/Users/maxsklar/Library/Application Support/MiKTeX/texmfs/install/tex/latex/pg
f/frontendlayer/tikz.sty
(/Users/maxsklar/Library/Application Support/MiKTeX/texmfs/install/tex/latex/pg
f/basiclayer/pgf.sty
(/Users/maxsklar/Library/Application Support/MiKTeX/texmfs/install/tex/latex/pg
f/utilities/pgfrcs.sty
(/Users/maxsklar/Library/Application Support/MiKTeX/texmfs/install/tex/generic/
pgf/utilities/pgfutil-common.tex
\pgfutil@everybye=\toks33
\pgfutil@tempdima=\dimen158
\pgfutil@tempdimb=\dimen159

(/Users/maxsklar/Library/Application Support/MiKTeX/texmfs/install/tex/generic/
pgf/utilities/pgfutil-common-lists.tex))
(/Users/maxsklar/Library/Application Support/MiKTeX/texmfs/install/tex/generic/
pgf/utilities/pgfutil-latex.def
\pgfutil@abb=\box55
)
(/Users/maxsklar/Library/Application Support/MiKTeX/texmfs/install/tex/generic/
pgf/utilities/pgfrcs.code.tex
(/Users/maxsklar/Library/Application Support/MiKTeX/texmfs/install/tex/generic/
pgf/pgf.revision.tex)
Package: pgfrcs 2021/05/15 v3.1.9a (3.1.9a)
))
Package: pgf 2021/05/15 v3.1.9a (3.1.9a)

(/Users/maxsklar/Library/Application Support/MiKTeX/texmfs/install/tex/latex/pg
f/basiclayer/pgfcore.sty
(/Users/maxsklar/Library/Application Support/MiKTeX/texmfs/install/tex/latex/pg
f/systemlayer/pgfsys.sty
(/Users/maxsklar/Library/Application Support/MiKTeX/texmfs/install/tex/generic/
pgf/systemlayer/pgfsys.code.tex
Package: pgfsys 2021/05/15 v3.1.9a (3.1.9a)

(/Users/maxsklar/Library/Application Support/MiKTeX/texmfs/install/tex/generic/
pgf/utilities/pgfkeys.code.tex
\pgfkeys@pathtoks=\toks34
\pgfkeys@temptoks=\toks35

(/Users/maxsklar/Library/Application Support/MiKTeX/texmfs/install/tex/generic/
pgf/utilities/pgfkeysfiltered.code.tex
\pgfkeys@tmptoks=\toks36
))
\pgf@x=\dimen160
\pgf@y=\dimen161
\pgf@xa=\dimen162
\pgf@ya=\dimen163
\pgf@xb=\dimen164
\pgf@yb=\dimen165
\pgf@xc=\dimen166
\pgf@yc=\dimen167
\pgf@xd=\dimen168
\pgf@yd=\dimen169
\w@pgf@writea=\write3
\r@pgf@reada=\read2
\c@pgf@counta=\count284
\c@pgf@countb=\count285
\c@pgf@countc=\count286
\c@pgf@countd=\count287
\t@pgf@toka=\toks37
\t@pgf@tokb=\toks38
\t@pgf@tokc=\toks39
\pgf@sys@id@count=\count288

(/Users/maxsklar/Library/Application Support/MiKTeX/texmfs/install/tex/generic/
pgf/systemlayer/pgf.cfg
File: pgf.cfg 2021/05/15 v3.1.9a (3.1.9a)
)
Driver file for pgf: pgfsys-pdftex.def

(/Users/maxsklar/Library/Application Support/MiKTeX/texmfs/install/tex/generic/
pgf/systemlayer/pgfsys-pdftex.def
File: pgfsys-pdftex.def 2021/05/15 v3.1.9a (3.1.9a)

(/Users/maxsklar/Library/Application Support/MiKTeX/texmfs/install/tex/generic/
pgf/systemlayer/pgfsys-common-pdf.def
File: pgfsys-common-pdf.def 2021/05/15 v3.1.9a (3.1.9a)
)))
(/Users/maxsklar/Library/Application Support/MiKTeX/texmfs/install/tex/generic/
pgf/systemlayer/pgfsyssoftpath.code.tex
File: pgfsyssoftpath.code.tex 2021/05/15 v3.1.9a (3.1.9a)
\pgfsyssoftpath@smallbuffer@items=\count289
\pgfsyssoftpath@bigbuffer@items=\count290
)
(/Users/maxsklar/Library/Application Support/MiKTeX/texmfs/install/tex/generic/
pgf/systemlayer/pgfsysprotocol.code.tex
File: pgfsysprotocol.code.tex 2021/05/15 v3.1.9a (3.1.9a)
))
(/Users/maxsklar/Library/Application Support/MiKTeX/texmfs/install/tex/latex/xc
olor/xcolor.sty
Package: xcolor 2022/06/12 v2.14 LaTeX color extensions (UK)

(/Users/maxsklar/Library/Application Support/MiKTeX/texmfs/install/tex/latex/gr
aphics-cfg/color.cfg
File: color.cfg 2016/01/02 v1.6 sample color configuration
)
Package xcolor Info: Driver file: pdftex.def on input line 227.

(/Users/maxsklar/Library/Application Support/MiKTeX/texmfs/install/tex/latex-de
v/graphics/mathcolor.ltx)
Package xcolor Info: Model `cmy' substituted by `cmy0' on input line 1353.
Package xcolor Info: Model `hsb' substituted by `rgb' on input line 1357.
Package xcolor Info: Model `RGB' extended on input line 1369.
Package xcolor Info: Model `HTML' substituted by `rgb' on input line 1371.
Package xcolor Info: Model `Hsb' substituted by `hsb' on input line 1372.
Package xcolor Info: Model `tHsb' substituted by `hsb' on input line 1373.
Package xcolor Info: Model `HSB' substituted by `hsb' on input line 1374.
Package xcolor Info: Model `Gray' substituted by `gray' on input line 1375.
Package xcolor Info: Model `wave' substituted by `hsb' on input line 1376.
)
(/Users/maxsklar/Library/Application Support/MiKTeX/texmfs/install/tex/generic/
pgf/basiclayer/pgfcore.code.tex
Package: pgfcore 2021/05/15 v3.1.9a (3.1.9a)

(/Users/maxsklar/Library/Application Support/MiKTeX/texmfs/install/tex/generic/
pgf/math/pgfmath.code.tex
(/Users/maxsklar/Library/Application Support/MiKTeX/texmfs/install/tex/generic/
pgf/math/pgfmathcalc.code.tex
(/Users/maxsklar/Library/Application Support/MiKTeX/texmfs/install/tex/generic/
pgf/math/pgfmathutil.code.tex)
(/Users/maxsklar/Library/Application Support/MiKTeX/texmfs/install/tex/generic/
pgf/math/pgfmathparser.code.tex
\pgfmath@dimen=\dimen170
\pgfmath@count=\count291
\pgfmath@box=\box56
\pgfmath@toks=\toks40
\pgfmath@stack@operand=\toks41
\pgfmath@stack@operation=\toks42
)
(/Users/maxsklar/Library/Application Support/MiKTeX/texmfs/install/tex/generic/
pgf/math/pgfmathfunctions.code.tex
(/Users/maxsklar/Library/Application Support/MiKTeX/texmfs/install/tex/generic/
pgf/math/pgfmathfunctions.basic.code.tex)
(/Users/maxsklar/Library/Application Support/MiKTeX/texmfs/install/tex/generic/
pgf/math/pgfmathfunctions.trigonometric.code.tex)
(/Users/maxsklar/Library/Application Support/MiKTeX/texmfs/install/tex/generic/
pgf/math/pgfmathfunctions.random.code.tex)
(/Users/maxsklar/Library/Application Support/MiKTeX/texmfs/install/tex/generic/
pgf/math/pgfmathfunctions.comparison.code.tex)
(/Users/maxsklar/Library/Application Support/MiKTeX/texmfs/install/tex/generic/
pgf/math/pgfmathfunctions.base.code.tex)
(/Users/maxsklar/Library/Application Support/MiKTeX/texmfs/install/tex/generic/
pgf/math/pgfmathfunctions.round.code.tex)
(/Users/maxsklar/Library/Application Support/MiKTeX/texmfs/install/tex/generic/
pgf/math/pgfmathfunctions.misc.code.tex)
(/Users/maxsklar/Library/Application Support/MiKTeX/texmfs/install/tex/generic/
pgf/math/pgfmathfunctions.integerarithmetics.code.tex)))
(/Users/maxsklar/Library/Application Support/MiKTeX/texmfs/install/tex/generic/
pgf/math/pgfmathfloat.code.tex
\c@pgfmathroundto@lastzeros=\count292
))
(/Users/maxsklar/Library/Application Support/MiKTeX/texmfs/install/tex/generic/
pgf/math/pgfint.code.tex)
(/Users/maxsklar/Library/Application Support/MiKTeX/texmfs/install/tex/generic/
pgf/basiclayer/pgfcorepoints.code.tex
File: pgfcorepoints.code.tex 2021/05/15 v3.1.9a (3.1.9a)
\pgf@picminx=\dimen171
\pgf@picmaxx=\dimen172
\pgf@picminy=\dimen173
\pgf@picmaxy=\dimen174
\pgf@pathminx=\dimen175
\pgf@pathmaxx=\dimen176
\pgf@pathminy=\dimen177
\pgf@pathmaxy=\dimen178
\pgf@xx=\dimen179
\pgf@xy=\dimen180
\pgf@yx=\dimen181
\pgf@yy=\dimen182
\pgf@zx=\dimen183
\pgf@zy=\dimen184
)
(/Users/maxsklar/Library/Application Support/MiKTeX/texmfs/install/tex/generic/
pgf/basiclayer/pgfcorepathconstruct.code.tex
File: pgfcorepathconstruct.code.tex 2021/05/15 v3.1.9a (3.1.9a)
\pgf@path@lastx=\dimen185
\pgf@path@lasty=\dimen186
)
(/Users/maxsklar/Library/Application Support/MiKTeX/texmfs/install/tex/generic/
pgf/basiclayer/pgfcorepathusage.code.tex
File: pgfcorepathusage.code.tex 2021/05/15 v3.1.9a (3.1.9a)
\pgf@shorten@end@additional=\dimen187
\pgf@shorten@start@additional=\dimen188
)
(/Users/maxsklar/Library/Application Support/MiKTeX/texmfs/install/tex/generic/
pgf/basiclayer/pgfcorescopes.code.tex
File: pgfcorescopes.code.tex 2021/05/15 v3.1.9a (3.1.9a)
\pgfpic=\box57
\pgf@hbox=\box58
\pgf@layerbox@main=\box59
\pgf@picture@serial@count=\count293
)
(/Users/maxsklar/Library/Application Support/MiKTeX/texmfs/install/tex/generic/
pgf/basiclayer/pgfcoregraphicstate.code.tex
File: pgfcoregraphicstate.code.tex 2021/05/15 v3.1.9a (3.1.9a)
\pgflinewidth=\dimen189
)
(/Users/maxsklar/Library/Application Support/MiKTeX/texmfs/install/tex/generic/
pgf/basiclayer/pgfcoretransformations.code.tex
File: pgfcoretransformations.code.tex 2021/05/15 v3.1.9a (3.1.9a)
\pgf@pt@x=\dimen190
\pgf@pt@y=\dimen191
\pgf@pt@temp=\dimen192
)
(/Users/maxsklar/Library/Application Support/MiKTeX/texmfs/install/tex/generic/
pgf/basiclayer/pgfcorequick.code.tex
File: pgfcorequick.code.tex 2021/05/15 v3.1.9a (3.1.9a)
)
(/Users/maxsklar/Library/Application Support/MiKTeX/texmfs/install/tex/generic/
pgf/basiclayer/pgfcoreobjects.code.tex
File: pgfcoreobjects.code.tex 2021/05/15 v3.1.9a (3.1.9a)
)
(/Users/maxsklar/Library/Application Support/MiKTeX/texmfs/install/tex/generic/
pgf/basiclayer/pgfcorepathprocessing.code.tex
File: pgfcorepathprocessing.code.tex 2021/05/15 v3.1.9a (3.1.9a)
)
(/Users/maxsklar/Library/Application Support/MiKTeX/texmfs/install/tex/generic/
pgf/basiclayer/pgfcorearrows.code.tex
File: pgfcorearrows.code.tex 2021/05/15 v3.1.9a (3.1.9a)
\pgfarrowsep=\dimen193
)
(/Users/maxsklar/Library/Application Support/MiKTeX/texmfs/install/tex/generic/
pgf/basiclayer/pgfcoreshade.code.tex
File: pgfcoreshade.code.tex 2021/05/15 v3.1.9a (3.1.9a)
\pgf@max=\dimen194
\pgf@sys@shading@range@num=\count294
\pgf@shadingcount=\count295
)
(/Users/maxsklar/Library/Application Support/MiKTeX/texmfs/install/tex/generic/
pgf/basiclayer/pgfcoreimage.code.tex
File: pgfcoreimage.code.tex 2021/05/15 v3.1.9a (3.1.9a)

(/Users/maxsklar/Library/Application Support/MiKTeX/texmfs/install/tex/generic/
pgf/basiclayer/pgfcoreexternal.code.tex
File: pgfcoreexternal.code.tex 2021/05/15 v3.1.9a (3.1.9a)
\pgfexternal@startupbox=\box60
))
(/Users/maxsklar/Library/Application Support/MiKTeX/texmfs/install/tex/generic/
pgf/basiclayer/pgfcorelayers.code.tex
File: pgfcorelayers.code.tex 2021/05/15 v3.1.9a (3.1.9a)
)
(/Users/maxsklar/Library/Application Support/MiKTeX/texmfs/install/tex/generic/
pgf/basiclayer/pgfcoretransparency.code.tex
File: pgfcoretransparency.code.tex 2021/05/15 v3.1.9a (3.1.9a)
)
(/Users/maxsklar/Library/Application Support/MiKTeX/texmfs/install/tex/generic/
pgf/basiclayer/pgfcorepatterns.code.tex
File: pgfcorepatterns.code.tex 2021/05/15 v3.1.9a (3.1.9a)
)
(/Users/maxsklar/Library/Application Support/MiKTeX/texmfs/install/tex/generic/
pgf/basiclayer/pgfcorerdf.code.tex
File: pgfcorerdf.code.tex 2021/05/15 v3.1.9a (3.1.9a)
)))
(/Users/maxsklar/Library/Application Support/MiKTeX/texmfs/install/tex/generic/
pgf/modules/pgfmoduleshapes.code.tex
File: pgfmoduleshapes.code.tex 2021/05/15 v3.1.9a (3.1.9a)
\pgfnodeparttextbox=\box61
)
(/Users/maxsklar/Library/Application Support/MiKTeX/texmfs/install/tex/generic/
pgf/modules/pgfmoduleplot.code.tex
File: pgfmoduleplot.code.tex 2021/05/15 v3.1.9a (3.1.9a)
)
(/Users/maxsklar/Library/Application Support/MiKTeX/texmfs/install/tex/latex/pg
f/compatibility/pgfcomp-version-0-65.sty
Package: pgfcomp-version-0-65 2021/05/15 v3.1.9a (3.1.9a)
\pgf@nodesepstart=\dimen195
\pgf@nodesepend=\dimen196
)
(/Users/maxsklar/Library/Application Support/MiKTeX/texmfs/install/tex/latex/pg
f/compatibility/pgfcomp-version-1-18.sty
Package: pgfcomp-version-1-18 2021/05/15 v3.1.9a (3.1.9a)
))
(/Users/maxsklar/Library/Application Support/MiKTeX/texmfs/install/tex/latex/pg
f/utilities/pgffor.sty
(/Users/maxsklar/Library/Application Support/MiKTeX/texmfs/install/tex/latex/pg
f/utilities/pgfkeys.sty
(/Users/maxsklar/Library/Application Support/MiKTeX/texmfs/install/tex/generic/
pgf/utilities/pgfkeys.code.tex))
(/Users/maxsklar/Library/Application Support/MiKTeX/texmfs/install/tex/latex/pg
f/math/pgfmath.sty
(/Users/maxsklar/Library/Application Support/MiKTeX/texmfs/install/tex/generic/
pgf/math/pgfmath.code.tex))
(/Users/maxsklar/Library/Application Support/MiKTeX/texmfs/install/tex/generic/
pgf/utilities/pgffor.code.tex
Package: pgffor 2021/05/15 v3.1.9a (3.1.9a)

(/Users/maxsklar/Library/Application Support/MiKTeX/texmfs/install/tex/generic/
pgf/math/pgfmath.code.tex)
\pgffor@iter=\dimen197
\pgffor@skip=\dimen198
\pgffor@stack=\toks43
\pgffor@toks=\toks44
))
(/Users/maxsklar/Library/Application Support/MiKTeX/texmfs/install/tex/generic/
pgf/frontendlayer/tikz/tikz.code.tex
Package: tikz 2021/05/15 v3.1.9a (3.1.9a)

(/Users/maxsklar/Library/Application Support/MiKTeX/texmfs/install/tex/generic/
pgf/libraries/pgflibraryplothandlers.code.tex
File: pgflibraryplothandlers.code.tex 2021/05/15 v3.1.9a (3.1.9a)
\pgf@plot@mark@count=\count296
\pgfplotmarksize=\dimen199
)
\tikz@lastx=\dimen256
\tikz@lasty=\dimen257
\tikz@lastxsaved=\dimen258
\tikz@lastysaved=\dimen259
\tikz@lastmovetox=\dimen260
\tikz@lastmovetoy=\dimen261
\tikzleveldistance=\dimen262
\tikzsiblingdistance=\dimen263
\tikz@figbox=\box62
\tikz@figbox@bg=\box63
\tikz@tempbox=\box64
\tikz@tempbox@bg=\box65
\tikztreelevel=\count297
\tikznumberofchildren=\count298
\tikznumberofcurrentchild=\count299
\tikz@fig@count=\count300

(/Users/maxsklar/Library/Application Support/MiKTeX/texmfs/install/tex/generic/
pgf/modules/pgfmodulematrix.code.tex
File: pgfmodulematrix.code.tex 2021/05/15 v3.1.9a (3.1.9a)
\pgfmatrixcurrentrow=\count301
\pgfmatrixcurrentcolumn=\count302
\pgf@matrix@numberofcolumns=\count303
)
\tikz@expandcount=\count304

(/Users/maxsklar/Library/Application Support/MiKTeX/texmfs/install/tex/generic/
pgf/frontendlayer/tikz/libraries/tikzlibrarytopaths.code.tex
File: tikzlibrarytopaths.code.tex 2021/05/15 v3.1.9a (3.1.9a)
)))
(/Users/maxsklar/Library/Application Support/MiKTeX/texmfs/install/tex/generic/
pgfplots/pgfplots.code.tex
(/Users/maxsklar/Library/Application Support/MiKTeX/texmfs/install/tex/generic/
pgfplots/pgfplotscore.code.tex
\t@pgfplots@toka=\toks45
\t@pgfplots@tokb=\toks46
\t@pgfplots@tokc=\toks47
\pgfplots@tmpa=\dimen264
\c@pgfplots@coordindex=\count305
\c@pgfplots@scanlineindex=\count306

(/Users/maxsklar/Library/Application Support/MiKTeX/texmfs/install/tex/generic/
pgfplots/sys/pgfplotssysgeneric.code.tex))
(/Users/maxsklar/Library/Application Support/MiKTeX/texmfs/install/tex/generic/
pgfplots/libs/pgfplotslibrary.code.tex)
(/Users/maxsklar/Library/Application Support/MiKTeX/texmfs/install/tex/generic/
pgfplots/oldpgfcompatib/pgfplotsoldpgfsupp_loader.code.tex
(/Users/maxsklar/Library/Application Support/MiKTeX/texmfs/install/tex/generic/
pgf/libraries/pgflibraryfpu.code.tex))
(/Users/maxsklar/Library/Application Support/MiKTeX/texmfs/install/tex/generic/
pgfplots/util/pgfplotsutil.code.tex
(/Users/maxsklar/Library/Application Support/MiKTeX/texmfs/install/tex/generic/
pgfplots/liststructure/pgfplotsliststructure.code.tex)
(/Users/maxsklar/Library/Application Support/MiKTeX/texmfs/install/tex/generic/
pgfplots/liststructure/pgfplotsliststructureext.code.tex)
(/Users/maxsklar/Library/Application Support/MiKTeX/texmfs/install/tex/generic/
pgfplots/liststructure/pgfplotsarray.code.tex
\c@pgfplotsarray@tmp=\count307
)
(/Users/maxsklar/Library/Application Support/MiKTeX/texmfs/install/tex/generic/
pgfplots/liststructure/pgfplotsmatrix.code.tex)
(/Users/maxsklar/Library/Application Support/MiKTeX/texmfs/install/tex/generic/
pgfplots/numtable/pgfplotstableshared.code.tex
\c@pgfplotstable@counta=\count308
\t@pgfplotstable@a=\toks48
)
(/Users/maxsklar/Library/Application Support/MiKTeX/texmfs/install/tex/generic/
pgfplots/liststructure/pgfplotsdeque.code.tex)
(/Users/maxsklar/Library/Application Support/MiKTeX/texmfs/install/tex/generic/
pgfplots/util/pgfplotsbinary.code.tex
(/Users/maxsklar/Library/Application Support/MiKTeX/texmfs/install/tex/generic/
pgfplots/util/pgfplotsbinary.data.code.tex))
(/Users/maxsklar/Library/Application Support/MiKTeX/texmfs/install/tex/generic/
pgfplots/util/pgfplotsutil.verb.code.tex)
(/Users/maxsklar/Library/Application Support/MiKTeX/texmfs/install/tex/generic/
pgfplots/libs/pgflibrarypgfplots.surfshading.code.tex
\c@pgfplotslibrarysurf@no=\count309

(/Users/maxsklar/Library/Application Support/MiKTeX/texmfs/install/tex/generic/
pgfplots/sys/pgflibrarypgfplots.surfshading.pgfsys-pdftex.def)))
(/Users/maxsklar/Library/Application Support/MiKTeX/texmfs/install/tex/generic/
pgfplots/util/pgfplotscolormap.code.tex
(/Users/maxsklar/Library/Application Support/MiKTeX/texmfs/install/tex/generic/
pgfplots/util/pgfplotscolor.code.tex))
(/Users/maxsklar/Library/Application Support/MiKTeX/texmfs/install/tex/generic/
pgfplots/pgfplotsstackedplots.code.tex)
(/Users/maxsklar/Library/Application Support/MiKTeX/texmfs/install/tex/generic/
pgfplots/pgfplotsplothandlers.code.tex
(/Users/maxsklar/Library/Application Support/MiKTeX/texmfs/install/tex/generic/
pgfplots/pgfplotsmeshplothandler.code.tex
(/Users/maxsklar/Library/Application Support/MiKTeX/texmfs/install/tex/generic/
pgfplots/pgfplotsmeshplotimage.code.tex)))
(/Users/maxsklar/Library/Application Support/MiKTeX/texmfs/install/tex/generic/
pgfplots/pgfplots.scaling.code.tex)
(/Users/maxsklar/Library/Application Support/MiKTeX/texmfs/install/tex/generic/
pgfplots/pgfplotscoordprocessing.code.tex)
(/Users/maxsklar/Library/Application Support/MiKTeX/texmfs/install/tex/generic/
pgfplots/pgfplots.errorbars.code.tex)
(/Users/maxsklar/Library/Application Support/MiKTeX/texmfs/install/tex/generic/
pgfplots/pgfplots.markers.code.tex)
(/Users/maxsklar/Library/Application Support/MiKTeX/texmfs/install/tex/generic/
pgfplots/pgfplotsticks.code.tex)
(/Users/maxsklar/Library/Application Support/MiKTeX/texmfs/install/tex/generic/
pgfplots/pgfplots.paths.code.tex)
(/Users/maxsklar/Library/Application Support/MiKTeX/texmfs/install/tex/generic/
pgf/frontendlayer/tikz/libraries/tikzlibrarydecorations.code.tex
(/Users/maxsklar/Library/Application Support/MiKTeX/texmfs/install/tex/generic/
pgf/modules/pgfmoduledecorations.code.tex
\pgfdecoratedcompleteddistance=\dimen265
\pgfdecoratedremainingdistance=\dimen266
\pgfdecoratedinputsegmentcompleteddistance=\dimen267
\pgfdecoratedinputsegmentremainingdistance=\dimen268
\pgf@decorate@distancetomove=\dimen269
\pgf@decorate@repeatstate=\count310
\pgfdecorationsegmentamplitude=\dimen270
\pgfdecorationsegmentlength=\dimen271
)
\tikz@lib@dec@box=\box66
)
(/Users/maxsklar/Library/Application Support/MiKTeX/texmfs/install/tex/generic/
pgf/frontendlayer/tikz/libraries/tikzlibrarydecorations.pathmorphing.code.tex
(/Users/maxsklar/Library/Application Support/MiKTeX/texmfs/install/tex/generic/
pgf/libraries/decorations/pgflibrarydecorations.pathmorphing.code.tex))
(/Users/maxsklar/Library/Application Support/MiKTeX/texmfs/install/tex/generic/
pgf/frontendlayer/tikz/libraries/tikzlibrarydecorations.pathreplacing.code.tex
(/Users/maxsklar/Library/Application Support/MiKTeX/texmfs/install/tex/generic/
pgf/libraries/decorations/pgflibrarydecorations.pathreplacing.code.tex))
(/Users/maxsklar/Library/Application Support/MiKTeX/texmfs/install/tex/generic/
pgfplots/libs/tikzlibrarypgfplots.contourlua.code.tex)
\pgfplots@numplots=\count311
\pgfplots@xmin@reg=\dimen272
\pgfplots@xmax@reg=\dimen273
\pgfplots@ymin@reg=\dimen274
\pgfplots@ymax@reg=\dimen275
\pgfplots@zmin@reg=\dimen276
\pgfplots@zmax@reg=\dimen277
)
(/Users/maxsklar/Library/Application Support/MiKTeX/texmfs/install/tex/generic/
pgf/frontendlayer/tikz/libraries/tikzlibraryplotmarks.code.tex
File: tikzlibraryplotmarks.code.tex 2021/05/15 v3.1.9a (3.1.9a)

(/Users/maxsklar/Library/Application Support/MiKTeX/texmfs/install/tex/generic/
pgf/libraries/pgflibraryplotmarks.code.tex
File: pgflibraryplotmarks.code.tex 2021/05/15 v3.1.9a (3.1.9a)
)))
(/Users/maxsklar/Library/Application Support/MiKTeX/texmfs/install/tex/latex/to
ols/multicol.sty
Package: multicol 2021/10/28 v1.9b multicolumn formatting (FMi)
\c@tracingmulticols=\count312
\mult@box=\box67
\multicol@leftmargin=\dimen278
\c@unbalance=\count313
\c@collectmore=\count314
\doublecol@number=\count315
\multicoltolerance=\count316
\multicolpretolerance=\count317
\full@width=\dimen279
\page@free=\dimen280
\premulticols=\dimen281
\postmulticols=\dimen282
\multicolsep=\skip58
\multicolbaselineskip=\skip59
\partial@page=\box68
\last@line=\box69
\maxbalancingoverflow=\dimen283
\mult@rightbox=\box70
\mult@grightbox=\box71
\mult@firstbox=\box72
\mult@gfirstbox=\box73
\@tempa=\box74
\@tempa=\box75
\@tempa=\box76
\@tempa=\box77
\@tempa=\box78
\@tempa=\box79
\@tempa=\box80
\@tempa=\box81
\@tempa=\box82
\@tempa=\box83
\@tempa=\box84
\@tempa=\box85
\@tempa=\box86
\@tempa=\box87
\@tempa=\box88
\@tempa=\box89
\@tempa=\box90
\@tempa=\box91
\@tempa=\box92
\@tempa=\box93
\@tempa=\box94
\@tempa=\box95
\@tempa=\box96
\@tempa=\box97
\@tempa=\box98
\@tempa=\box99
\@tempa=\box100
\@tempa=\box101
\@tempa=\box102
\@tempa=\box103
\@tempa=\box104
\@tempa=\box105
\@tempa=\box106
\@tempa=\box107
\@tempa=\box108
\@tempa=\box109
\c@minrows=\count318
\c@columnbadness=\count319
\c@finalcolumnbadness=\count320
\last@try=\dimen284
\multicolovershoot=\dimen285
\multicolundershoot=\dimen286
\mult@nat@firstbox=\box110
\colbreak@box=\box111
\mc@col@check@num=\count321
)
(/Users/maxsklar/Library/Application Support/MiKTeX/texmfs/install/tex/latex/ge
ometry/geometry.sty
Package: geometry 2020/01/02 v5.9 Page Geometry

(/Users/maxsklar/Library/Application Support/MiKTeX/texmfs/install/tex/generic/
iftex/ifvtex.sty
Package: ifvtex 2019/10/25 v1.7 ifvtex legacy package. Use iftex instead.

(/Users/maxsklar/Library/Application Support/MiKTeX/texmfs/install/tex/generic/
iftex/iftex.sty
Package: iftex 2022/02/03 v1.0f TeX engine tests
))
\Gm@cnth=\count322
\Gm@cntv=\count323
\c@Gm@tempcnt=\count324
\Gm@bindingoffset=\dimen287
\Gm@wd@mp=\dimen288
\Gm@odd@mp=\dimen289
\Gm@even@mp=\dimen290
\Gm@layoutwidth=\dimen291
\Gm@layoutheight=\dimen292
\Gm@layouthoffset=\dimen293
\Gm@layoutvoffset=\dimen294
\Gm@dimlist=\toks49

(/Users/maxsklar/Library/Application Support/MiKTeX/texmfs/install/tex/latex/ge
ometry/geometry.cfg))
(/Users/maxsklar/Library/Application Support/MiKTeX/texmfs/install/tex/latex/pr
eprint/fullpage.sty
Package: fullpage 1999/02/23 1.1 (PWD)
\FP@margin=\skip60
)
(/Users/maxsklar/Library/Application Support/MiKTeX/texmfs/install/tex/latex/pd
flscape/pdflscape.sty
Package: pdflscape 2019/12/05 v0.12 Display of landscape pages in PDF (HO)

(/Users/maxsklar/Library/Application Support/MiKTeX/texmfs/install/tex/latex/gr
aphics/lscape.sty
Package: lscape 2020/05/28 v3.02 Landscape Pages (DPC)
)
Package pdflscape Info: Auto-detected driver: pdftex on input line 81.
)
(/Users/maxsklar/Library/Application Support/MiKTeX/texmfs/install/tex/latex/se
tspace/setspace.sty
Package: setspace 2011/12/19 v6.7a set line spacing
)
(/Users/maxsklar/Library/Application Support/MiKTeX/texmfs/install/tex/latex/ur
l/url.sty
\Urlmuskip=\muskip17
Package: url 2013/09/16  ver 3.4  Verb mode for urls, etc.
)
(/Users/maxsklar/Library/Application Support/MiKTeX/texmfs/install/tex/latex/ti
kzmark/tikzlibrarytikzmark.code.tex
File: tikzlibrarytikzmark.code.tex 2021/02/16 v1.10 TikZ library for marking po
sitions in a document

(/Users/maxsklar/Library/Application Support/MiKTeX/texmfs/install/tex/latex/l3
kernel/expl3.sty
Package: expl3 2022-08-30 L3 programming layer (loader) 

(/Users/maxsklar/Library/Application Support/MiKTeX/texmfs/install/tex/latex/l3
backend/l3backend-pdftex.def
File: l3backend-pdftex.def 2022-08-30 L3 backend support: PDF output (pdfTeX)
\l__color_backend_stack_int=\count325
\l__pdf_internal_box=\box112
))
(/Users/maxsklar/Library/Application Support/MiKTeX/texmfs/install/tex/latex/l3
packages/l3keys2e/l3keys2e.sty
Package: l3keys2e 2022-06-22 LaTeX2e option processing using LaTeX3 keys
)
(/Users/maxsklar/Library/Application Support/MiKTeX/texmfs/install/tex/latex/l3
packages/xparse/xparse.sty
Package: xparse 2022-06-22 L3 Experimental document command parser
)
\l__sn_x_dim=\dimen295
\l__sn_y_dim=\dimen296
\l__sn_xa_dim=\dimen297
\l__sn_ya_dim=\dimen298
)
(/Users/maxsklar/Library/Application Support/MiKTeX/texmfs/install/tex/latex/to
ols/bm.sty
Package: bm 2021/04/25 v1.2e Bold Symbol Support (DPC/FMi)
\symboldoperators=\mathgroup6
\symboldletters=\mathgroup7
\symboldsymbols=\mathgroup8
Package bm Info: No bold for \OMX/cmex/m/n, using \pmb.
Package bm Info: No bold for \U/msa/m/n, using \pmb.
Package bm Info: No bold for \U/msb/m/n, using \pmb.
LaTeX Font Info:    Redeclaring math alphabet \mathbf on input line 149.
)
(/Users/maxsklar/Library/Application Support/MiKTeX/texmfs/install/tex/latex/ti
kz-cd/tikz-cd.sty
Package: tikz-cd 2021/05/04 v1.0 Commutative diagrams with TikZ

(/Users/maxsklar/Library/Application Support/MiKTeX/texmfs/install/tex/latex/ti
kz-cd/tikzlibrarycd.code.tex
(/Users/maxsklar/Library/Application Support/MiKTeX/texmfs/install/tex/generic/
pgf/frontendlayer/tikz/libraries/tikzlibrarymatrix.code.tex
File: tikzlibrarymatrix.code.tex 2021/05/15 v3.1.9a (3.1.9a)
)
(/Users/maxsklar/Library/Application Support/MiKTeX/texmfs/install/tex/generic/
pgf/frontendlayer/tikz/libraries/tikzlibraryquotes.code.tex
File: tikzlibraryquotes.code.tex 2021/05/15 v3.1.9a (3.1.9a)
)
(/Users/maxsklar/Library/Application Support/MiKTeX/texmfs/install/tex/generic/
pgf/libraries/pgflibraryarrows.meta.code.tex
File: pgflibraryarrows.meta.code.tex 2021/05/15 v3.1.9a (3.1.9a)
\pgfarrowinset=\dimen299
\pgfarrowlength=\dimen300
\pgfarrowwidth=\dimen301
\pgfarrowlinewidth=\dimen302
)))
(/Users/maxsklar/Library/Application Support/MiKTeX/texmfs/install/tex/generic/
pgfplots/libs/tikzlibrarypgfplots.fillbetween.code.tex
(/Users/maxsklar/Library/Application Support/MiKTeX/texmfs/install/tex/generic/
pgfplots/pgfcontrib/tikzlibraryfillbetween.code.tex
(/Users/maxsklar/Library/Application Support/MiKTeX/texmfs/install/tex/generic/
pgf/frontendlayer/tikz/libraries/tikzlibraryintersections.code.tex
(/Users/maxsklar/Library/Application Support/MiKTeX/texmfs/install/tex/generic/
pgf/libraries/pgflibraryintersections.code.tex
\pgf@intersect@solutions=\count326
))
(/Users/maxsklar/Library/Application Support/MiKTeX/texmfs/install/tex/generic/
pgfplots/pgfcontrib/tikzlibrarydecorations.softclip.code.tex
(/Users/maxsklar/Library/Application Support/MiKTeX/texmfs/install/tex/generic/
pgfplots/pgfcontrib/pgflibraryfillbetween.code.tex)))
(/Users/maxsklar/Library/Application Support/MiKTeX/texmfs/install/tex/generic/
pgfplots/libs/tikzlibrarypgfplots.decorations.softclip.code.tex))
(/Users/maxsklar/Library/Application Support/MiKTeX/texmfs/install/tex/latex/ap
pendix/appendix.sty
Package: appendix 2020/02/08 v1.2c extra appendix facilities
\c@@pps=\count327
\c@@ppsavesec=\count328
\c@@ppsaveapp=\count329
)
(/Users/maxsklar/Library/Application Support/MiKTeX/texmfs/install/tex/latex/en
umitem/enumitem.sty
Package: enumitem 2019/06/20 v3.9 Customized lists
\labelindent=\skip61
\enit@outerparindent=\dimen303
\enit@toks=\toks50
\enit@inbox=\box113
\enit@count@id=\count330
\enitdp@description=\count331
)
(/Users/maxsklar/Library/Application Support/MiKTeX/texmfs/install/tex/latex/dr
aftwatermark/draftwatermark.sty
Package: draftwatermark 2020/12/08 3.0 Put a gray textual watermark on document
 pages

(/Users/maxsklar/Library/Application Support/MiKTeX/texmfs/install/tex/latex/kv
options/kvoptions.sty
Package: kvoptions 2022-06-15 v3.15 Key value format for package options (HO)

(/Users/maxsklar/Library/Application Support/MiKTeX/texmfs/install/tex/generic/
ltxcmds/ltxcmds.sty
Package: ltxcmds 2020-05-10 v1.25 LaTeX kernel commands for general use (HO)
)
(/Users/maxsklar/Library/Application Support/MiKTeX/texmfs/install/tex/generic/
kvsetkeys/kvsetkeys.sty
Package: kvsetkeys 2019/12/15 v1.18 Key value parser (HO)
)))
(/Users/maxsklar/Library/Application Support/MiKTeX/texmfs/install/tex/generic/
pgf/frontendlayer/tikz/libraries/tikzlibrarycalc.code.tex
File: tikzlibrarycalc.code.tex 2021/05/15 v3.1.9a (3.1.9a)
)
(/Users/maxsklar/Library/Application Support/MiKTeX/texmfs/install/tex/generic/
pgf/frontendlayer/tikz/libraries/tikzlibrarychains.code.tex
File: tikzlibrarychains.code.tex 2021/05/15 v3.1.9a (3.1.9a)

(/Users/maxsklar/Library/Application Support/MiKTeX/texmfs/install/tex/generic/
pgf/frontendlayer/tikz/libraries/tikzlibrarypositioning.code.tex
File: tikzlibrarypositioning.code.tex 2021/05/15 v3.1.9a (3.1.9a)
))
(/Users/maxsklar/Library/Application Support/MiKTeX/texmfs/install/tex/generic/
pgf/frontendlayer/tikz/libraries/tikzlibrarypatterns.code.tex
File: tikzlibrarypatterns.code.tex 2021/05/15 v3.1.9a (3.1.9a)

(/Users/maxsklar/Library/Application Support/MiKTeX/texmfs/install/tex/generic/
pgf/libraries/pgflibrarypatterns.code.tex
File: pgflibrarypatterns.code.tex 2021/05/15 v3.1.9a (3.1.9a)
))
(/Users/maxsklar/Library/Application Support/MiKTeX/texmfs/install/tex/generic/
pgf/frontendlayer/tikz/libraries/tikzlibrarypatterns.meta.code.tex
(/Users/maxsklar/Library/Application Support/MiKTeX/texmfs/install/tex/generic/
pgf/libraries/pgflibrarypatterns.meta.code.tex))
(/Users/maxsklar/Library/Application Support/MiKTeX/texmfs/install/tex/generic/
pgf/frontendlayer/tikz/libraries/tikzlibraryfit.code.tex
File: tikzlibraryfit.code.tex 2021/05/15 v3.1.9a (3.1.9a)
)
(/Users/maxsklar/Library/Application Support/MiKTeX/texmfs/install/tex/generic/
pgf/frontendlayer/tikz/libraries/tikzlibraryshapes.geometric.code.tex
File: tikzlibraryshapes.geometric.code.tex 2021/05/15 v3.1.9a (3.1.9a)

(/Users/maxsklar/Library/Application Support/MiKTeX/texmfs/install/tex/generic/
pgf/libraries/shapes/pgflibraryshapes.geometric.code.tex
File: pgflibraryshapes.geometric.code.tex 2021/05/15 v3.1.9a (3.1.9a)
))
(/Users/maxsklar/Library/Application Support/MiKTeX/texmfs/install/tex/generic/
pgf/frontendlayer/tikz/libraries/tikzlibraryshapes.misc.code.tex
File: tikzlibraryshapes.misc.code.tex 2021/05/15 v3.1.9a (3.1.9a)

(/Users/maxsklar/Library/Application Support/MiKTeX/texmfs/install/tex/generic/
pgf/libraries/shapes/pgflibraryshapes.misc.code.tex
File: pgflibraryshapes.misc.code.tex 2021/05/15 v3.1.9a (3.1.9a)
))
(/Users/maxsklar/Library/Application Support/MiKTeX/texmfs/install/tex/generic/
pgf/frontendlayer/tikz/libraries/tikzlibraryautomata.code.tex
File: tikzlibraryautomata.code.tex 2021/05/15 v3.1.9a (3.1.9a)

(/Users/maxsklar/Library/Application Support/MiKTeX/texmfs/install/tex/generic/
pgf/frontendlayer/tikz/libraries/tikzlibraryshapes.multipart.code.tex
File: tikzlibraryshapes.multipart.code.tex 2021/05/15 v3.1.9a (3.1.9a)

(/Users/maxsklar/Library/Application Support/MiKTeX/texmfs/install/tex/generic/
pgf/libraries/shapes/pgflibraryshapes.multipart.code.tex
File: pgflibraryshapes.multipart.code.tex 2021/05/15 v3.1.9a (3.1.9a)
\pgfnodepartlowerbox=\box114
\pgfnodeparttwobox=\box115
\pgfnodepartthreebox=\box116
\pgfnodepartfourbox=\box117
\pgfnodeparttwentybox=\box118
\pgfnodepartnineteenbox=\box119
\pgfnodeparteighteenbox=\box120
\pgfnodepartseventeenbox=\box121
\pgfnodepartsixteenbox=\box122
\pgfnodepartfifteenbox=\box123
\pgfnodepartfourteenbox=\box124
\pgfnodepartthirteenbox=\box125
\pgfnodeparttwelvebox=\box126
\pgfnodepartelevenbox=\box127
\pgfnodeparttenbox=\box128
\pgfnodepartninebox=\box129
\pgfnodeparteightbox=\box130
\pgfnodepartsevenbox=\box131
\pgfnodepartsixbox=\box132
\pgfnodepartfivebox=\box133
)))
\c@theorem=\count332
\c@definition=\count333
\c@example=\count334
\c@case=\count335

(relative-probability-finite-paper.aux)
\openout1 = `relative-probability-finite-paper.aux'.

LaTeX Font Info:    Checking defaults for OML/cmm/m/it on input line 111.
LaTeX Font Info:    ... okay on input line 111.
LaTeX Font Info:    Checking defaults for OMS/cmsy/m/n on input line 111.
LaTeX Font Info:    ... okay on input line 111.
LaTeX Font Info:    Checking defaults for OT1/cmr/m/n on input line 111.
LaTeX Font Info:    ... okay on input line 111.
LaTeX Font Info:    Checking defaults for T1/cmr/m/n on input line 111.
LaTeX Font Info:    ... okay on input line 111.
LaTeX Font Info:    Checking defaults for TS1/cmr/m/n on input line 111.
LaTeX Font Info:    ... okay on input line 111.
LaTeX Font Info:    Checking defaults for OMX/cmex/m/n on input line 111.
LaTeX Font Info:    ... okay on input line 111.
LaTeX Font Info:    Checking defaults for U/cmr/m/n on input line 111.
LaTeX Font Info:    ... okay on input line 111.
Package caption Info: Begin \AtBeginDocument code.
Package caption Info: End \AtBeginDocument code.

(/Users/maxsklar/Library/Application Support/MiKTeX/texmfs/install/tex/context/
base/mkii/supp-pdf.mkii
[Loading MPS to PDF converter (version 2006.09.02).]
\scratchcounter=\count336
\scratchdimen=\dimen304
\scratchbox=\box134
\nofMPsegments=\count337
\nofMParguments=\count338
\everyMPshowfont=\toks51
\MPscratchCnt=\count339
\MPscratchDim=\dimen305
\MPnumerator=\count340
\makeMPintoPDFobject=\count341
\everyMPtoPDFconversion=\toks52
)
(/Users/maxsklar/Library/Application Support/MiKTeX/texmfs/install/tex/latex/ep
stopdf-pkg/epstopdf-base.sty
Package: epstopdf-base 2020-01-24 v2.11 Base part for package epstopdf
Package epstopdf-base Info: Redefining graphics rule for `.eps' on input line 4
85.

(/Users/maxsklar/Library/Application Support/MiKTeX/texmfs/install/tex/latex/00
miktex/epstopdf-sys.cfg
File: epstopdf-sys.cfg 2021/03/18 v2.0 Configuration of epstopdf for MiKTeX
))
Package pgfplots notification 'compat/show suggested version=true': document ha
s been generated with the most recent feature set (\pgfplotsset{compat=1.18}).

*geometry* driver: auto-detecting
*geometry* detected driver: pdftex
*geometry* verbose mode - [ preamble ] result:
* driver: pdftex
* paper: <default>
* layout: <same size as paper>
* layoutoffset:(h,v)=(0.0pt,0.0pt)
* hratio: 1:1
* modes: twoside 
* h-part:(L,W,R)=(92.14519pt, 430.00462pt, 92.14519pt)
* v-part:(T,H,B)=(91.04881pt, 608.5238pt, 95.39737pt)
* \paperwidth=614.295pt
* \paperheight=794.96999pt
* \textwidth=469.75502pt
* \textheight=620.43001pt
* \oddsidemargin=0.0pt
* \evensidemargin=0.0pt
* \topmargin=0.0pt
* \headheight=0.0pt
* \headsep=0.0pt
* \topskip=10.0pt
* \footskip=30.0pt
* \marginparwidth=121.0pt
* \marginparsep=11.0pt
* \columnsep=20.0pt
* \skip\footins=9.0pt plus 4.0pt minus 2.0pt
* \hoffset=0.0pt
* \voffset=0.0pt
* \mag=1000
* \@twocolumnfalse
* \@twosidetrue
* \@mparswitchtrue
* \@reversemarginfalse
* (1in=72.27pt=25.4mm, 1cm=28.453pt)

LaTeX Font Info:    Trying to load font information for U+msa on input line 128
.

(/Users/maxsklar/Library/Application Support/MiKTeX/texmfs/install/tex/latex/am
sfonts/umsa.fd
File: umsa.fd 2013/01/14 v3.01 AMS symbols A
)
LaTeX Font Info:    Trying to load font information for U+msb on input line 128
.

(/Users/maxsklar/Library/Application Support/MiKTeX/texmfs/install/tex/latex/am
sfonts/umsb.fd
File: umsb.fd 2013/01/14 v3.01 AMS symbols B
)
Underfull \hbox (badness 10000) in paragraph at lines 132--138

 []

(relative-probability-finite-paper.toc

LaTeX Font Warning: Font shape `OT1/cmr/m/n' in size <153.57375> not available
(Font)              size <24.88> substituted on input line 11.

[1{/Users/maxsklar/Library/Application Support/MiKTeX/texmfs/data/fonts/map/pdf
tex/pdftex.map}

])
\tf@toc=\write4
\openout4 = `relative-probability-finite-paper.toc'.

 [2]
Overfull \hbox (1.91258pt too wide) in paragraph at lines 164--165
\OT1/cmr/m/n/10 Leading probability theorists in the twentieth century develope
d axiomatic systems for conditional probability,
 []

[3] [4] [5]
Underfull \vbox (badness 10000) has occurred while \output is active []

 [6]
[7]

LaTeX Font Warning: Font shape `OT1/cmr/m/it' in size <153.57375> not available

(Font)              size <24.88> substituted on input line 387.

[8] [9]
Overfull \hbox (0.64632pt too wide) in paragraph at lines 554--555
[]\OT1/cmr/bx/n/10 Definition 5.1. []\OT1/cmr/m/n/10 A relative probability fun
ction is \OT1/cmr/m/it/10 totally comparable \OT1/cmr/m/n/10 if every pair of o
utcomes are comparable. 
 []


Overfull \hbox (4.76436pt too wide) in paragraph at lines 572--573
[]\OT1/cmr/m/n/10 Anchor outcomes are those outcomes that have a non-zero absol
ute probability. The anchoring of a distribution
 []

[10] [11] [12]

LaTeX Warning: `h' float specifier changed to `ht'.

[13]

LaTeX Warning: `h' float specifier changed to `ht'.


LaTeX Warning: `h' float specifier changed to `ht'.


LaTeX Warning: `h' float specifier changed to `ht'.

[14] [15] [16] [17] [18] [19]
Overfull \hbox (3.94032pt too wide) in paragraph at lines 1165--1166
\OT1/cmr/m/n/10 hypotheses and iterately updates using the relative probability
 of a current outcome and its nearby outcomes[].
 []

[20] [21] [22] [23] [24] [25]
Underfull \vbox (badness 1142) has occurred while \output is active []

 [26]
Overfull \hbox (9.49591pt too wide) in paragraph at lines 1454--1455
\OT1/cmr/m/n/10 Modeling probability as a ``relative'' measure takes on a new s
ignificance given the proliferation of computational
 []


Overfull \hbox (15.6904pt too wide) in paragraph at lines 1456--1457
[]\OT1/cmr/m/n/10 Should practitioners regularly use the language of relative p
robability when describing and deploying probabilistic
 []

[27]
Underfull \hbox (badness 5475) in paragraph at lines 1471--1472
[]\OT1/cmr/m/n/10 Heinemann, F. (1995). Closing Economic Models by Information 
Assumptions. Inst. fur
 []

[28] (relative-probability-finite-paper.aux)

LaTeX Font Warning: Size substitutions with differences
(Font)              up to 128.69374pt have occurred.

 ) 
Here is how much of TeX's memory you used:
 31434 strings out of 477324
 813913 string characters out of 2826391
 1262021 words of memory out of 3000000
 52000 multiletter control sequences out of 15000+600000
 487345 words of font info for 93 fonts, out of 8000000 for 9000
 0 hyphenation exceptions out of 8191
 99i,13n,103p,895b,1158s stack positions out of 5000i,500n,10000p,200000b,80000s
 </Users/maxsklar/Library/Application Support/MiKTeX/texmfs/data/fonts/pk/ljf
our/jknappen/ec/dpi600/tcrm1000.pk></Users/maxsklar/Library/Application Support
/MiKTeX/texmfs/install/fonts/type1/public/amsfonts/cm/cmbx10.pfb></Users/maxskl
ar/Library/Application Support/MiKTeX/texmfs/install/fonts/type1/public/amsfont
s/cm/cmbx12.pfb></Users/maxsklar/Library/Application Support/MiKTeX/texmfs/inst
all/fonts/type1/public/amsfonts/cm/cmbx8.pfb></Users/maxsklar/Library/Applicati
on Support/MiKTeX/texmfs/install/fonts/type1/public/amsfonts/cm/cmbx9.pfb></Use
rs/maxsklar/Library/Application Support/MiKTeX/texmfs/install/fonts/type1/publi
c/amsfonts/cm/cmex10.pfb></Users/maxsklar/Library/Application Support/MiKTeX/te
xmfs/install/fonts/type1/public/amsfonts/cmextra/cmex7.pfb></Users/maxsklar/Lib
rary/Application Support/MiKTeX/texmfs/install/fonts/type1/public/amsfonts/cm/c
mmi10.pfb></Users/maxsklar/Library/Application Support/MiKTeX/texmfs/install/fo
nts/type1/public/amsfonts/cm/cmmi12.pfb></Users/maxsklar/Library/Application Su
pport/MiKTeX/texmfs/install/fonts/type1/public/amsfonts/cm/cmmi5.pfb></Users/ma
xsklar/Library/Application Support/MiKTeX/texmfs/install/fonts/type1/public/ams
fonts/cm/cmmi7.pfb></Users/maxsklar/Library/Application Support/MiKTeX/texmfs/i
nstall/fonts/type1/public/amsfonts/cm/cmmi8.pfb></Users/maxsklar/Library/Applic
ation Support/MiKTeX/texmfs/install/fonts/type1/public/amsfonts/cm/cmr10.pfb></
Users/maxsklar/Library/Application Support/MiKTeX/texmfs/install/fonts/type1/pu
blic/amsfonts/cm/cmr12.pfb></Users/maxsklar/Library/Application Support/MiKTeX/
texmfs/install/fonts/type1/public/amsfonts/cm/cmr17.pfb></Users/maxsklar/Librar
y/Application Support/MiKTeX/texmfs/install/fonts/type1/public/amsfonts/cm/cmr5
.pfb></Users/maxsklar/Library/Application Support/MiKTeX/texmfs/install/fonts/t
ype1/public/amsfonts/cm/cmr6.pfb></Users/maxsklar/Library/Application Support/M
iKTeX/texmfs/install/fonts/type1/public/amsfonts/cm/cmr7.pfb></Users/maxsklar/L
ibrary/Application Support/MiKTeX/texmfs/install/fonts/type1/public/amsfonts/cm
/cmr8.pfb></Users/maxsklar/Library/Application Support/MiKTeX/texmfs/install/fo
nts/type1/public/amsfonts/cm/cmr9.pfb></Users/maxsklar/Library/Application Supp
ort/MiKTeX/texmfs/install/fonts/type1/public/amsfonts/cm/cmsy10.pfb></Users/max
sklar/Library/Application Support/MiKTeX/texmfs/install/fonts/type1/public/amsf
onts/cm/cmsy5.pfb></Users/maxsklar/Library/Application Support/MiKTeX/texmfs/in
stall/fonts/type1/public/amsfonts/cm/cmsy7.pfb></Users/maxsklar/Library/Applica
tion Support/MiKTeX/texmfs/install/fonts/type1/public/amsfonts/cm/cmsy8.pfb></U
sers/maxsklar/Library/Application Support/MiKTeX/texmfs/install/fonts/type1/pub
lic/amsfonts/cm/cmti10.pfb></Users/maxsklar/Library/Application Support/MiKTeX/
texmfs/install/fonts/type1/public/amsfonts/cm/cmti12.pfb></Users/maxsklar/Libra
ry/Application Support/MiKTeX/texmfs/install/fonts/type1/public/amsfonts/cm/cmt
i9.pfb></Users/maxsklar/Library/Application Support/MiKTeX/texmfs/install/fonts
/type1/public/amsfonts/cm/cmtt10.pfb></Users/maxsklar/Library/Application Suppo
rt/MiKTeX/texmfs/install/fonts/type1/public/amsfonts/symbols/msbm10.pfb></Users
/maxsklar/Library/Application Support/MiKTeX/texmfs/install/fonts/type1/public/
amsfonts/symbols/msbm7.pfb>
Output written on relative-probability-finite-paper.pdf (28 pages, 478777 bytes
).
PDF statistics:
 245 PDF objects out of 1000 (max. 8388607)
 0 named destinations out of 1000 (max. 500000)
 13 words of extra memory for PDF output out of 10000 (max. 10000000)

